#-----------------------------------------------------------
# Vivado v2016.2 (64-bit)
# SW Build 1577090 on Thu Jun  2 16:32:40 MDT 2016
# IP Build 1577682 on Fri Jun  3 12:00:54 MDT 2016
# Start of session at: Wed Feb 15 14:14:55 2017
# Process ID: 9208
# Current directory: C:/Users/Administrator.UER-PC/OneDrive - National University of Singapore/Vivado/lab_3
# Command line: vivado.exe -gui_launcher_event rodinguilauncherevent4716 C:\Users\Administrator.UER-PC\OneDrive - National University of Singapore\Vivado\lab_3\lab_3.xpr
# Log file: C:/Users/Administrator.UER-PC/OneDrive - National University of Singapore/Vivado/lab_3/vivado.log
# Journal file: C:/Users/Administrator.UER-PC/OneDrive - National University of Singapore/Vivado/lab_3\vivado.jou
#-----------------------------------------------------------
start_gui
open_project {C:/Users/Administrator.UER-PC/OneDrive - National University of Singapore/Vivado/lab_3/lab_3.xpr}
INFO: [ProjectBase 1-489] The host OS only allows 260 characters in a normal path. The project is stored in a path with more than 80 characters. If you experience issues with IP, Block Designs, or files not being found, please consider moving the project to a location with a shorter path. Alternately consider using the OS subst command to map part of the path to a drive letter.
Current project path is 'C:/Users/Administrator.UER-PC/OneDrive - National University of Singapore/Vivado/lab_3'
Scanning sources...
Finished scanning sources
INFO: [IP_Flow 19-234] Refreshing IP repositories
INFO: [IP_Flow 19-1704] No user IP repositories specified
INFO: [IP_Flow 19-2313] Loaded Vivado IP repository 'C:/Xilinx/Vivado/2016.2/data/ip'.
open_project: Time (s): cpu = 00:00:41 ; elapsed = 00:00:20 . Memory (MB): peak = 817.410 ; gain = 147.801
update_compile_order -fileset sources_1
exit
INFO: [Common 17-206] Exiting Vivado at Wed Feb 15 14:16:04 2017...
