Unable to capture context for thread 6160 in process 11236, can not generate back trace
Unable to capture context for thread 10340 in process 11236, can not generate back trace
Exception at PC 0x00007FFB5856BB93
Printing stacktrace...

Exception at PC 0x00007FFB64FC7788
Exception at PC 0x00007FFB64FC7788
Exception at PC 0x00007FFB64FC7788
Unable to capture context for thread 5068 in process 11236, can not generate back trace
Exception at PC 0x00007FFB64FC7788
Exception at PC 0x00007FFB64FC7788
Exception at PC 0x00007FFB64FC7788
Exception at PC 0x00007FFB64FC7788
Exception at PC 0x00007FFB64FC7788
Exception at PC 0x00007FFB64FC7788
Exception at PC 0x00007FFB64FC7788
Exception at PC 0x00007FFB64FC7788
Exception at PC 0x00007FFB64FC7788
Exception at PC 0x00007FFB64FC7788
Exception at PC 0x00007FFB64FC7788
Exception at PC 0x00007FFB64FC7788
Exception at PC 0x00007FFB64FC7788
Exception at PC 0x00007FFB64FC7788
Exception at PC 0x00007FFB64FC7788
Exception at PC 0x00007FFB64FC7788
Exception at PC 0x00007FFB64FC7788
[0]  [0x00007FFB5856BB93]
[1]  [0x00007FFB5856BB93]
[2]  [0x00007FFB5856B4A1]
[3]  [0x00007FFB5856B3EF]
[4]  [0x00007FFB585519FE]
[5]  [0x00007FFB58550ED1]
[6]  [0x00007FFB58550D76]
[7]  [0x00007FFB584F79F6]
[8]  [0x00007FFB584E7AFB]
[9]  [0x00007FFB5860E90A]
[10]  [0x00007FFB58629F87]
[11]  [0x00007FFB5862A05F]
[12] (BaseThreadInitThunk+0x14) [0x00007FFB676F8364]
[13] (RtlUserThreadStart+0x21) [0x00007FFB67E95E91]
Done
