#-----------------------------------------------------------
# Vivado v2016.2 (64-bit)
# SW Build 1577090 on Thu Jun  2 16:32:40 MDT 2016
# IP Build 1577682 on Fri Jun  3 12:00:54 MDT 2016
# Start of session at: Wed Apr 26 16:47:56 2017
# Process ID: 11892
# Current directory: C:/Users/Administrator.UER-PC/Documents/Vivado/Github/Assign_4_final
# Command line: vivado.exe -gui_launcher_event rodinguilauncherevent12208 C:\Users\Administrator.UER-PC\Documents\Vivado\Github\Assign_4_final\Assign_4_final.xpr
# Log file: C:/Users/Administrator.UER-PC/Documents/Vivado/Github/Assign_4_final/vivado.log
# Journal file: C:/Users/Administrator.UER-PC/Documents/Vivado/Github/Assign_4_final\vivado.jou
#-----------------------------------------------------------
start_gui
open_project C:/Users/Administrator.UER-PC/Documents/Vivado/Github/Assign_4_final/Assign_4_final.xpr
INFO: [Project 1-313] Project file moved from 'C:/Users/Administrator.UER-PC/Documents/Vivado/Assign_4_final' since last save.
Scanning sources...
Finished scanning sources
INFO: [IP_Flow 19-234] Refreshing IP repositories
INFO: [IP_Flow 19-1704] No user IP repositories specified
INFO: [IP_Flow 19-2313] Loaded Vivado IP repository 'C:/Xilinx/Vivado/2016.2/data/ip'.
open_project: Time (s): cpu = 00:00:08 ; elapsed = 00:00:20 . Memory (MB): peak = 747.789 ; gain = 137.691
update_compile_order -fileset sources_1
reset_run synth_1
launch_runs impl_1 -to_step write_bitstream -jobs 2
[Wed Apr 26 16:50:23 2017] Launched synth_1...
Run output will be captured here: C:/Users/Administrator.UER-PC/Documents/Vivado/Github/Assign_4_final/Assign_4_final.runs/synth_1/runme.log
[Wed Apr 26 16:50:23 2017] Launched impl_1...
Run output will be captured here: C:/Users/Administrator.UER-PC/Documents/Vivado/Github/Assign_4_final/Assign_4_final.runs/impl_1/runme.log
launch_runs: Time (s): cpu = 00:00:01 ; elapsed = 00:00:07 . Memory (MB): peak = 759.328 ; gain = 11.539
exit
INFO: [Common 17-206] Exiting Vivado at Wed Apr 26 16:53:14 2017...
