#-----------------------------------------------------------
# Vivado v2016.2 (64-bit)
# SW Build 1577090 on Thu Jun  2 16:32:40 MDT 2016
# IP Build 1577682 on Fri Jun  3 12:00:54 MDT 2016
# Start of session at: Mon Feb 13 22:27:25 2017
# Process ID: 5252
# Current directory: C:/Users/Administrator.UER-PC/OneDrive - National University of Singapore/Vivado/half_adder_1
# Command line: vivado.exe -gui_launcher_event rodinguilauncherevent4280 C:\Users\Administrator.UER-PC\OneDrive - National University of Singapore\Vivado\half_adder_1\half_adder_1.xpr
# Log file: C:/Users/Administrator.UER-PC/OneDrive - National University of Singapore/Vivado/half_adder_1/vivado.log
# Journal file: C:/Users/Administrator.UER-PC/OneDrive - National University of Singapore/Vivado/half_adder_1\vivado.jou
#-----------------------------------------------------------
start_gui
open_project {C:/Users/Administrator.UER-PC/OneDrive - National University of Singapore/Vivado/half_adder_1/half_adder_1.xpr}
INFO: [ProjectBase 1-489] The host OS only allows 260 characters in a normal path. The project is stored in a path with more than 80 characters. If you experience issues with IP, Block Designs, or files not being found, please consider moving the project to a location with a shorter path. Alternately consider using the OS subst command to map part of the path to a drive letter.
Current project path is 'C:/Users/Administrator.UER-PC/OneDrive - National University of Singapore/Vivado/half_adder_1'
Scanning sources...
Finished scanning sources
INFO: [IP_Flow 19-234] Refreshing IP repositories
INFO: [IP_Flow 19-1704] No user IP repositories specified
INFO: [IP_Flow 19-2313] Loaded Vivado IP repository 'C:/Xilinx/Vivado/2016.2/data/ip'.
open_project: Time (s): cpu = 00:00:07 ; elapsed = 00:00:09 . Memory (MB): peak = 730.051 ; gain = 120.734
update_compile_order -fileset sources_1
exit
INFO: [Common 17-206] Exiting Vivado at Mon Feb 13 22:34:15 2017...
