#-----------------------------------------------------------
# Vivado v2016.2 (64-bit)
# SW Build 1577090 on Thu Jun  2 16:32:40 MDT 2016
# IP Build 1577682 on Fri Jun  3 12:00:54 MDT 2016
# Start of session at: Wed Apr 26 16:54:30 2017
# Process ID: 11192
# Current directory: C:/Users/Administrator.UER-PC/Documents/Vivado/Github/Lab_2_assignment
# Command line: vivado.exe -gui_launcher_event rodinguilauncherevent10400 C:\Users\Administrator.UER-PC\Documents\Vivado\Github\Lab_2_assignment\half_adder_1.xpr
# Log file: C:/Users/Administrator.UER-PC/Documents/Vivado/Github/Lab_2_assignment/vivado.log
# Journal file: C:/Users/Administrator.UER-PC/Documents/Vivado/Github/Lab_2_assignment\vivado.jou
#-----------------------------------------------------------
start_gui
open_project C:/Users/Administrator.UER-PC/Documents/Vivado/Github/Lab_2_assignment/half_adder_1.xpr
INFO: [Project 1-313] Project file moved from 'C:/Users/Administrator.UER-PC/OneDrive - National University of Singapore/Vivado/half_adder_1' since last save.
Scanning sources...
Finished scanning sources
INFO: [IP_Flow 19-234] Refreshing IP repositories
INFO: [IP_Flow 19-1704] No user IP repositories specified
INFO: [IP_Flow 19-2313] Loaded Vivado IP repository 'C:/Xilinx/Vivado/2016.2/data/ip'.
open_project: Time (s): cpu = 00:00:08 ; elapsed = 00:00:07 . Memory (MB): peak = 739.293 ; gain = 123.348
update_compile_order -fileset sources_1
exit
INFO: [Common 17-206] Exiting Vivado at Wed Apr 26 16:55:58 2017...
