#-----------------------------------------------------------
# Vivado v2016.2 (64-bit)
# SW Build 1577090 on Thu Jun  2 16:32:40 MDT 2016
# IP Build 1577682 on Fri Jun  3 12:00:54 MDT 2016
# Start of session at: Wed Mar 01 16:21:49 2017
# Process ID: 4424
# Current directory: D:/MyWork/lab4
# Command line: vivado.exe -gui_launcher_event rodinguilauncherevent4928 D:\MyWork\lab4\lab4.xpr
# Log file: D:/MyWork/lab4/vivado.log
# Journal file: D:/MyWork/lab4\vivado.jou
#-----------------------------------------------------------
start_gui
open_project D:/MyWork/lab4/lab4.xpr
Scanning sources...
Finished scanning sources
INFO: [IP_Flow 19-234] Refreshing IP repositories
INFO: [IP_Flow 19-1704] No user IP repositories specified
INFO: [IP_Flow 19-2313] Loaded Vivado IP repository 'C:/Xilinx/Vivado/2016.2/data/ip'.
update_compile_order -fileset sources_1
exit
INFO: [Common 17-206] Exiting Vivado at Wed Mar 01 16:22:06 2017...
