#-----------------------------------------------------------
# Vivado v2016.2 (64-bit)
# SW Build 1577090 on Thu Jun  2 16:32:40 MDT 2016
# IP Build 1577682 on Fri Jun  3 12:00:54 MDT 2016
# Start of session at: Wed Mar 01 16:51:12 2017
# Process ID: 2936
# Current directory: C:/Users/Administrator.UER-PC/Documents/Vivado/lab4
# Command line: vivado.exe -gui_launcher_event rodinguilauncherevent1496 C:\Users\Administrator.UER-PC\Documents\Vivado\lab4\lab4.xpr
# Log file: C:/Users/Administrator.UER-PC/Documents/Vivado/lab4/vivado.log
# Journal file: C:/Users/Administrator.UER-PC/Documents/Vivado/lab4\vivado.jou
#-----------------------------------------------------------
start_gui
open_project C:/Users/Administrator.UER-PC/Documents/Vivado/lab4/lab4.xpr
INFO: [Project 1-313] Project file moved from 'D:/MyWork/lab4' since last save.
Scanning sources...
Finished scanning sources
INFO: [IP_Flow 19-234] Refreshing IP repositories
INFO: [IP_Flow 19-1704] No user IP repositories specified
INFO: [IP_Flow 19-2313] Loaded Vivado IP repository 'C:/Xilinx/Vivado/2016.2/data/ip'.
open_project: Time (s): cpu = 00:00:49 ; elapsed = 00:00:19 . Memory (MB): peak = 791.230 ; gain = 118.313
update_compile_order -fileset sources_1
exit
INFO: [Common 17-206] Exiting Vivado at Wed Mar 01 17:05:49 2017...
